  Bullet-gambit.cpp
C:\Users\User\Documents\GitHub\Bullet-gambit-build\LearnOpenGL-master\includes\learnopengl\model_animation.h(174,37): warning C4018: '<': signed/unsigned mismatch
  (compiling source file '../LearnOpenGL-master/src/Bullet-gambit/Bullet-gambit/Bullet-gambit.cpp')
  
C:\Users\User\Documents\GitHub\Bullet-gambit-build\LearnOpenGL-master\includes\learnopengl\bone.h(45,20): warning C4244: 'initializing': conversion from 'double' to 'float', possible loss of data
  (compiling source file '../LearnOpenGL-master/src/Bullet-gambit/Bullet-gambit/Bullet-gambit.cpp')
  
C:\Users\User\Documents\GitHub\Bullet-gambit-build\LearnOpenGL-master\includes\learnopengl\bone.h(56,20): warning C4244: 'initializing': conversion from 'double' to 'float', possible loss of data
  (compiling source file '../LearnOpenGL-master/src/Bullet-gambit/Bullet-gambit/Bullet-gambit.cpp')
  
C:\Users\User\Documents\GitHub\Bullet-gambit-build\LearnOpenGL-master\includes\learnopengl\bone.h(67,20): warning C4244: 'initializing': conversion from 'double' to 'float', possible loss of data
  (compiling source file '../LearnOpenGL-master/src/Bullet-gambit/Bullet-gambit/Bullet-gambit.cpp')
  
C:\Users\User\Documents\GitHub\Bullet-gambit-build\LearnOpenGL-master\includes\learnopengl\animation.h(31,25): warning C4244: '=': conversion from 'double' to 'float', possible loss of data
  (compiling source file '../LearnOpenGL-master/src/Bullet-gambit/Bullet-gambit/Bullet-gambit.cpp')
  
C:\Users\User\Documents\GitHub\Bullet-gambit-build\LearnOpenGL-master\includes\learnopengl\animation.h(32,31): warning C4244: '=': conversion from 'double' to 'int', possible loss of data
  (compiling source file '../LearnOpenGL-master/src/Bullet-gambit/Bullet-gambit/Bullet-gambit.cpp')
  
C:\Users\User\Documents\GitHub\Bullet-gambit-build\LearnOpenGL-master\includes\learnopengl\animation.h(56,44): warning C4244: 'return': conversion from 'int' to 'float', possible loss of data
  (compiling source file '../LearnOpenGL-master/src/Bullet-gambit/Bullet-gambit/Bullet-gambit.cpp')
  
C:\Users\User\Documents\GitHub\Bullet-gambit-build\LearnOpenGL-master\includes\learnopengl\animation.h(98,21): warning C4018: '<': signed/unsigned mismatch
  (compiling source file '../LearnOpenGL-master/src/Bullet-gambit/Bullet-gambit/Bullet-gambit.cpp')
  
C:\Users\User\Documents\GitHub\Bullet-gambit-build\LearnOpenGL-master\includes\learnopengl\bone.h(98,1): warning C4715: 'Bone::GetPositionIndex': not all control paths return a value
C:\Users\User\Documents\GitHub\Bullet-gambit-build\LearnOpenGL-master\includes\learnopengl\bone.h(118,1): warning C4715: 'Bone::GetScaleIndex': not all control paths return a value
C:\Users\User\Documents\GitHub\Bullet-gambit-build\LearnOpenGL-master\includes\learnopengl\bone.h(108,1): warning C4715: 'Bone::GetRotationIndex': not all control paths return a value
  Bullet-gambit__Bullet-gambit.vcxproj -> C:\Users\User\Documents\GitHub\Bullet-gambit-build\LearnOpenGL-master\bin\Bullet-gambit\Debug\Bullet-gambit__Bullet-gambit.exe
